Treasure of Needy/android/app/build/intermediates/manifest_merge_blame_file/release/manifest-merger-blame-release-report.txt
1<?xml version="1.0" encoding="utf-8"?>
2<manifest xmlns:android="http://schemas.android.com/apk/res/android"
3    package="com.ibmproject"
4    android:versionCode="1"
5    android:versionName="1.0" >
6
7    <uses-sdk
8        android:minSdkVersion="16"
8-->src/main/AndroidManifest.xml
9        android:targetSdkVersion="28" />
9-->src/main/AndroidManifest.xml
10
11    <uses-permission android:name="android.permission.INTERNET" />
11-->src/main/AndroidManifest.xml:4:5-67
11-->src/main/AndroidManifest.xml:4:22-64
12    <uses-permission android:name="android.permission.ACCESS_COARSE_LOCATION" />
12-->src/main/AndroidManifest.xml:5:1-77
12-->src/main/AndroidManifest.xml:5:18-74
13    <uses-permission android:name="android.permission.ACCESS_BACKGROUND_LOCATION" />
13-->src/main/AndroidManifest.xml:6:3-83
13-->src/main/AndroidManifest.xml:6:20-80
14    <uses-permission android:name="android.permission.CAMERA" />
14-->src/main/AndroidManifest.xml:8:3-62
14-->src/main/AndroidManifest.xml:8:20-60
15    <uses-permission android:name="android.permission.WRITE_EXTERNAL_STORAGE" />
15-->src/main/AndroidManifest.xml:9:3-78
15-->src/main/AndroidManifest.xml:9:20-76
16    <uses-permission android:name="android.permission.ACCESS_NETWORK_STATE" />
16-->[:react-native-geolocation-service] AndroidManifest.xml:10:5-79
16-->[:react-native-geolocation-service] AndroidManifest.xml:10:22-76
17    <uses-permission android:name="android.permission.ACCESS_FINE_LOCATION" />
17-->[:react-native-geolocation-service] AndroidManifest.xml:12:5-79
17-->[:react-native-geolocation-service] AndroidManifest.xml:12:22-76
18
19    <application
19-->src/main/AndroidManifest.xml:10:5-29:19
20        android:name="com.ibmproject.MainApplication"
20-->src/main/AndroidManifest.xml:11:7-38
21        android:allowBackup="false"
21-->src/main/AndroidManifest.xml:15:7-34
22        android:appComponentFactory="androidx.core.app.CoreComponentFactory"
22-->[androidx.core:core:1.1.0] AndroidManifest.xml:24:18-86
23        android:icon="@mipmap/ic_launcher"
23-->src/main/AndroidManifest.xml:13:7-41
24        android:label="CODE"
24-->src/main/AndroidManifest.xml:12:7-27
25        android:roundIcon="@mipmap/ic_launcher_round"
25-->src/main/AndroidManifest.xml:14:7-52
26        android:theme="@style/AppTheme" >
26-->src/main/AndroidManifest.xml:16:7-38
27        <activity
27-->src/main/AndroidManifest.xml:17:7-27:18
28            android:name="com.ibmproject.MainActivity"
28-->src/main/AndroidManifest.xml:18:9-37
29            android:configChanges="keyboard|keyboardHidden|orientation|screenSize|uiMode"
29-->src/main/AndroidManifest.xml:20:9-86
30            android:label="CODE"
30-->src/main/AndroidManifest.xml:19:9-29
31            android:launchMode="singleTask"
31-->src/main/AndroidManifest.xml:21:9-40
32            android:windowSoftInputMode="adjustResize" >
32-->src/main/AndroidManifest.xml:22:9-51
33            <intent-filter>
33-->src/main/AndroidManifest.xml:23:9-26:25
34                <action android:name="android.intent.action.MAIN" />
34-->src/main/AndroidManifest.xml:24:13-65
34-->src/main/AndroidManifest.xml:24:21-62
35
36                <category android:name="android.intent.category.LAUNCHER" />
36-->src/main/AndroidManifest.xml:25:13-73
36-->src/main/AndroidManifest.xml:25:23-70
37            </intent-filter>
38        </activity>
39        <activity android:name="com.facebook.react.devsupport.DevSettingsActivity" />
39-->src/main/AndroidManifest.xml:28:7-84
39-->src/main/AndroidManifest.xml:28:17-81
40
41        <provider
41-->[:react-native-image-picker] AndroidManifest.xml:10:9-18:20
42            android:name="com.imagepicker.FileProvider"
42-->[:react-native-image-picker] AndroidManifest.xml:11:13-56
43            android:authorities="com.ibmproject.provider"
43-->[:react-native-image-picker] AndroidManifest.xml:12:13-60
44            android:exported="false"
44-->[:react-native-image-picker] AndroidManifest.xml:13:13-37
45            android:grantUriPermissions="true" >
45-->[:react-native-image-picker] AndroidManifest.xml:14:13-47
46            <meta-data
46-->[:react-native-image-picker] AndroidManifest.xml:15:13-17:58
47                android:name="android.support.FILE_PROVIDER_PATHS"
47-->[:react-native-image-picker] AndroidManifest.xml:16:17-67
48                android:resource="@xml/provider_paths" />
48-->[:react-native-image-picker] AndroidManifest.xml:17:17-55
49        </provider>
50
51        <activity
51-->[com.google.android.gms:play-services-base:16.0.1] AndroidManifest.xml:23:9-26:75
52            android:name="com.google.android.gms.common.api.GoogleApiActivity"
52-->[com.google.android.gms:play-services-base:16.0.1] AndroidManifest.xml:24:13-79
53            android:exported="false"
53-->[com.google.android.gms:play-services-base:16.0.1] AndroidManifest.xml:25:13-37
54            android:theme="@android:style/Theme.Translucent.NoTitleBar" />
54-->[com.google.android.gms:play-services-base:16.0.1] AndroidManifest.xml:26:13-72
55
56        <meta-data
56-->[com.google.android.gms:play-services-basement:16.0.1] AndroidManifest.xml:23:9-25:69
57            android:name="com.google.android.gms.version"
57-->[com.google.android.gms:play-services-basement:16.0.1] AndroidManifest.xml:24:13-58
58            android:value="@integer/google_play_services_version" />
58-->[com.google.android.gms:play-services-basement:16.0.1] AndroidManifest.xml:25:13-66
59    </application>
60
61</manifest>